<?xml version="1.0" encoding="UTF-8"?>
<testng-results ignored="0" total="1" passed="1" failed="0" skipped="0">
  <reporter-output>
  </reporter-output>
  <suite started-at="2025-06-09T00:18:02 IST" name="Surefire suite" finished-at="2025-06-09T00:18:49 IST" duration-ms="46891">
    <groups>
    </groups>
    <test started-at="2025-06-09T00:18:02 IST" name="Surefire test" finished-at="2025-06-09T00:18:49 IST" duration-ms="46891">
      <class name="tests.LoginTest">
        <test-method is-config="true" signature="setup()[pri:0, instance:tests.LoginTest@6da21078]" started-at="2025-06-09T00:18:02 IST" name="setup" finished-at="2025-06-09T00:18:05 IST" duration-ms="3388" status="PASS">
          <reporter-output>
          </reporter-output>
        </test-method> <!-- setup -->
        <test-method signature="testValidLogin()[pri:0, instance:tests.LoginTest@6da21078]" started-at="2025-06-09T00:18:06 IST" name="testValidLogin" description="Verify valid login functionality" finished-at="2025-06-09T00:18:07 IST" duration-ms="858" status="PASS">
          <reporter-output>
          </reporter-output>
        </test-method> <!-- testValidLogin -->
        <test-method is-config="true" signature="teardown()[pri:0, instance:tests.LoginTest@6da21078]" started-at="2025-06-09T00:18:07 IST" name="teardown" finished-at="2025-06-09T00:18:49 IST" duration-ms="42079" status="PASS">
          <reporter-output>
          </reporter-output>
        </test-method> <!-- teardown -->
      </class> <!-- tests.LoginTest -->
    </test> <!-- Surefire test -->
  </suite> <!-- Surefire suite -->
</testng-results>
