<?xml version="1.0" encoding="UTF-8"?>
<testsuite xmlns:xsi="http://www.w3.org/2001/XMLSchema-instance" xsi:noNamespaceSchemaLocation="https://maven.apache.org/surefire/maven-surefire-plugin/xsd/surefire-test-report-3.0.xsd" version="3.0" name="tests.LoginTest" time="50.22" tests="1" errors="0" skipped="0" failures="0">
  <properties>
[...]
</properties>
  <testcase name="testValidLogin" classname="tests.LoginTest" time="0.819">
    <system-err><![CDATA[SLF4J: Failed to load class "org.slf4j.impl.StaticLoggerBinder".
SLF4J: Defaulting to no-operation (NOP) logger implementation
SLF4J: See http://www.slf4j.org/codes.html#StaticLoggerBinder for further details.
Jun 09, 2025 12:18:02 AM tests.LoginTest setup
INFO: Initializing WebDriver...
Jun 09, 2025 12:18:04 AM org.openqa.selenium.devtools.CdpVersionFinder findNearestMatch
WARNING: Unable to find CDP implementation matching 136
Jun 09, 2025 12:18:04 AM org.openqa.selenium.chromium.ChromiumDriver lambda$new$5
WARNING: Unable to find version of CDP to use for 136.0.7103.116. You may need to include a dependency on a specific version of the CDP using something similar to `org.seleniumhq.selenium:selenium-devtools-v86:4.19.0` where the version ("v86") matches the version of the chromium-based browser you're using and the version number of the artifact is the same as Selenium's.
Jun 09, 2025 12:18:05 AM tests.LoginTest setup
INFO: Navigated to SauceDemo login page.
Jun 09, 2025 12:18:06 AM tests.LoginTest testValidLogin
INFO: Starting login test with valid credentials.
Jun 09, 2025 12:18:06 AM tests.LoginTest login
INFO: Login form submitted.
Jun 09, 2025 12:18:07 AM tests.LoginTest testValidLogin
INFO: Current URL after login: https://www.saucedemo.com/inventory.html
Jun 09, 2025 12:18:07 AM pages.InventoryPage getProductTitles
INFO: Product titles: [Sauce Labs Backpack, Sauce Labs Bike Light, Sauce Labs Bolt T-Shirt, Sauce Labs Fleece Jacket, Sauce Labs Onesie, Test.allTheThings() T-Shirt (Red)]
Jun 09, 2025 12:18:07 AM tests.LoginTest testValidLogin
INFO: Number of products displayed: 6
]]></system-err>
  </testcase>
</testsuite>